<?xml version="1.0" encoding="UTF-8"?>
<testng-results skipped="0" failed="0" ignored="0" total="1" passed="1">
  <reporter-output>
  </reporter-output>
  <suite name="Command line suite" duration-ms="6102" started-at="2021-03-22T16:00:41 EDT" finished-at="2021-03-22T16:00:47 EDT">
    <groups>
    </groups>
    <test name="Command line test" duration-ms="6102" started-at="2021-03-22T16:00:41 EDT" finished-at="2021-03-22T16:00:47 EDT">
      <class name="com.FBTest">
        <test-method status="PASS" signature="initialization()[pri:0, instance:com.FBTest@340f438e]" name="initialization" is-config="true" duration-ms="4649" started-at="2021-03-22T16:00:41 EDT" finished-at="2021-03-22T16:00:46 EDT">
          <reporter-output>
          </reporter-output>
        </test-method> <!-- initialization -->
        <test-method status="PASS" signature="FBTitleTest()[pri:0, instance:com.FBTest@340f438e]" name="FBTitleTest" duration-ms="32" started-at="2021-03-22T16:00:46 EDT" finished-at="2021-03-22T16:00:46 EDT">
          <reporter-output>
          </reporter-output>
        </test-method> <!-- FBTitleTest -->
        <test-method status="PASS" signature="teardown()[pri:0, instance:com.FBTest@340f438e]" name="teardown" is-config="true" duration-ms="1389" started-at="2021-03-22T16:00:46 EDT" finished-at="2021-03-22T16:00:47 EDT">
          <reporter-output>
          </reporter-output>
        </test-method> <!-- teardown -->
      </class> <!-- com.FBTest -->
    </test> <!-- Command line test -->
  </suite> <!-- Command line suite -->
</testng-results>
